 WARN [2014-10-01 09:50:23,137] (ConnectionFactory.java:clearCache:209) - No cached connections
 WARN [2014-10-01 09:50:23,140] (DescribeObjectRegistry.java:clearCache:654) - No cached describes
 WARN [2014-10-01 09:50:23,140] (MetadataFactory.java:clearCache:120) - No cached metadata stubs
 WARN [2014-10-01 09:52:51,137] (ComponentFactory.java:getComponentBean:1145) - Unable to get component for id 'SamlSsoConfig': Unable to get bean for id 'SamlSsoConfig'
 WARN [2014-10-01 09:52:52,280] (ComponentFactory.java:getComponentBean:1145) - Unable to get component for id 'SamlSsoConfig': Unable to get bean for id 'SamlSsoConfig'
ERROR [2014-10-01 14:02:15,312] (MetadataOperationsRetryAspect.java:metadataOperationsRetry:24) - ForceRemoteException occurred while attempting to perform a metadata operation
 WARN [2014-10-01 14:02:24,608] (ProjectPackageList.java:getComponentByMetadataFilePath:826) - Did not find component for 'classes/objectHelper.cls'
 WARN [2014-10-01 14:02:24,609] (ProjectService.java:handleRetrieveMessages:2180) - Unable to handle retrieve message - could not find component 'classes/objectHelper.cls' for message 'In field: specific ids - no ApexClass named objectHelper found'
 WARN [2014-10-01 14:02:24,614] (Utils.java:loadDocument:823) - Unable to load document: /Users/roberto/proyectos/clay/clay-apps/sfafields/sf/.metadata/.plugins/org.eclipse.core.resources/.projects/development/com.salesforce.ide.core/packageCache.xml (No such file or directory)
 WARN [2014-10-01 14:02:24,620] (DeleteRefactorController.java:run:342) - Unable to update cache with with deleted component(s)  - cache is not found
 WARN [2014-10-01 14:17:48,709] (ConnectionFactory.java:clearCache:212) - Clearing the following cached connections
 WARN [2014-10-01 14:17:48,711] (DescribeObjectRegistry.java:clearCache:657) - Clearing cached describes
 WARN [2014-10-01 14:17:48,712] (MetadataFactory.java:clearCache:123) - Clearing the following cached metadata stubs
 WARN [2014-10-01 15:20:07,898] (BasePackageService.java:waitForResult:144) - Deploy or retrieve operation to 'https://na17.salesforce.com/services/Soap/m/28.0/00Do0000000bPIm' failed: UNKNOWN_EXCEPTION: An unknown exception has occurred. (UNKNOWN_EXCEPTION)
 WARN [2014-10-01 15:20:07,930] (PackageDeployService.java:deployWork:287) - Unable to retrieve components: ServiceException: UNKNOWN_EXCEPTION: An unknown exception has occurred. (UNKNOWN_EXCEPTION)
ERROR [2014-10-01 15:20:07,983] (RunTestsAction.java:execute:93) - Unable to run tests
com.salesforce.ide.core.services.ServiceException: UNKNOWN_EXCEPTION: An unknown exception has occurred. (UNKNOWN_EXCEPTION)
	at com.salesforce.ide.core.services.BasePackageService.waitForResult(BasePackageService.java:151)
	at com.salesforce.ide.core.services.PackageDeployService.getDeployResult(PackageDeployService.java:188)
	at com.salesforce.ide.core.services.PackageDeployService.deployWork(PackageDeployService.java:278)
	at com.salesforce.ide.core.services.PackageDeployService.deploy(PackageDeployService.java:177)
	at com.salesforce.ide.core.services.RunTestsService.runTests(RunTestsService.java:67)
	at com.salesforce.ide.core.services.RunTestsService.runTests(RunTestsService.java:48)
	at com.salesforce.ide.ui.actions.RunTestsAction$1.run(RunTestsAction.java:70)
	at org.eclipse.jface.operation.ModalContext.runInCurrentThread(ModalContext.java:464)
	at org.eclipse.jface.operation.ModalContext.run(ModalContext.java:372)
	at org.eclipse.jface.dialogs.ProgressMonitorDialog.run(ProgressMonitorDialog.java:507)
	at org.eclipse.ui.internal.progress.ProgressMonitorJobsDialog.run(ProgressMonitorJobsDialog.java:275)
	at org.eclipse.ui.internal.progress.ProgressManager.run(ProgressManager.java:1178)
	at com.salesforce.ide.ui.actions.RunTestsAction.execute(RunTestsAction.java:62)
	at com.salesforce.ide.ui.actions.BaseAction.run(BaseAction.java:197)
	at org.eclipse.ui.internal.PluginAction.runWithEvent(PluginAction.java:251)
	at org.eclipse.jface.action.ActionContributionItem.handleWidgetSelection(ActionContributionItem.java:584)
	at org.eclipse.jface.action.ActionContributionItem.access$2(ActionContributionItem.java:501)
	at org.eclipse.jface.action.ActionContributionItem$5.handleEvent(ActionContributionItem.java:411)
	at org.eclipse.swt.widgets.EventTable.sendEvent(EventTable.java:84)
	at org.eclipse.swt.widgets.Widget.sendEvent(Widget.java:1598)
	at org.eclipse.swt.widgets.Widget.sendEvent(Widget.java:1622)
	at org.eclipse.swt.widgets.Widget.sendEvent(Widget.java:1607)
	at org.eclipse.swt.widgets.Widget.notifyListeners(Widget.java:1396)
	at org.eclipse.swt.widgets.Display.runDeferredEvents(Display.java:3484)
	at org.eclipse.swt.widgets.Display.readAndDispatch(Display.java:3068)
	at org.eclipse.ui.internal.Workbench.runEventLoop(Workbench.java:2405)
	at org.eclipse.ui.internal.Workbench.runUI(Workbench.java:2369)
	at org.eclipse.ui.internal.Workbench.access$4(Workbench.java:2221)
	at org.eclipse.ui.internal.Workbench$5.run(Workbench.java:500)
	at org.eclipse.core.databinding.observable.Realm.runWithDefault(Realm.java:332)
	at org.eclipse.ui.internal.Workbench.createAndRunWorkbench(Workbench.java:493)
	at org.eclipse.ui.PlatformUI.createAndRunWorkbench(PlatformUI.java:149)
	at org.eclipse.ui.internal.ide.application.IDEApplication.start(IDEApplication.java:113)
	at org.eclipse.equinox.internal.app.EclipseAppHandle.run(EclipseAppHandle.java:194)
	at org.eclipse.core.runtime.internal.adaptor.EclipseAppLauncher.runApplication(EclipseAppLauncher.java:110)
	at org.eclipse.core.runtime.internal.adaptor.EclipseAppLauncher.start(EclipseAppLauncher.java:79)
	at org.eclipse.core.runtime.adaptor.EclipseStarter.run(EclipseStarter.java:368)
	at org.eclipse.core.runtime.adaptor.EclipseStarter.run(EclipseStarter.java:179)
	at sun.reflect.NativeMethodAccessorImpl.invoke0(Native Method)
	at sun.reflect.NativeMethodAccessorImpl.invoke(NativeMethodAccessorImpl.java:39)
	at sun.reflect.DelegatingMethodAccessorImpl.invoke(DelegatingMethodAccessorImpl.java:25)
	at java.lang.reflect.Method.invoke(Method.java:597)
	at org.eclipse.equinox.launcher.Main.invokeFramework(Main.java:559)
	at org.eclipse.equinox.launcher.Main.basicRun(Main.java:514)
	at org.eclipse.equinox.launcher.Main.run(Main.java:1311)
 WARN [2014-10-01 15:23:16,917] (ConnectionFactory.java:clearCache:212) - Clearing the following cached connections
 WARN [2014-10-01 15:23:16,919] (DescribeObjectRegistry.java:clearCache:657) - Clearing cached describes
 WARN [2014-10-01 15:23:16,919] (MetadataFactory.java:clearCache:123) - Clearing the following cached metadata stubs
 WARN [2014-10-01 15:28:12,006] (ComponentFactory.java:getCompositeComponentFromComponent:1093) - Unable to load existing 'classes/ExampleClass.cls-meta.xml' from project - associated component's file resource is null.  Assuming new.
 WARN [2014-10-01 15:28:13,245] (ComponentFactory.java:getComponentBean:1145) - Unable to get component for id 'SamlSsoConfig': Unable to get bean for id 'SamlSsoConfig'
 WARN [2014-10-01 15:28:17,067] (Utils.java:loadDocument:823) - Unable to load document: /Users/roberto/proyectos/clay/clay-apps/sfafields/sf/.metadata/.plugins/org.eclipse.core.resources/.projects/development/com.salesforce.ide.core/packageCache.xml (No such file or directory)
 WARN [2014-10-01 15:28:17,072] (ComponentController.java:run:370) - Unable to update cache with new component Apex Class - cache is not found
 WARN [2014-10-01 17:38:17,781] (ConnectionFactory.java:clearCache:212) - Clearing the following cached connections
 WARN [2014-10-01 17:38:17,784] (DescribeObjectRegistry.java:clearCache:657) - Clearing cached describes
 WARN [2014-10-01 17:38:17,785] (MetadataFactory.java:clearCache:123) - Clearing the following cached metadata stubs
 WARN [2014-10-01 18:47:00,585] (ComponentFactory.java:getCompositeComponentFromComponent:1093) - Unable to load existing 'classes/MetadataServiceTest.cls-meta.xml' from project - associated component's file resource is null.  Assuming new.
 WARN [2014-10-01 18:47:01,906] (ComponentFactory.java:getComponentBean:1145) - Unable to get component for id 'SamlSsoConfig': Unable to get bean for id 'SamlSsoConfig'
 WARN [2014-10-01 18:47:05,334] (Utils.java:loadDocument:823) - Unable to load document: /Users/roberto/proyectos/clay/clay-apps/sfafields/sf/.metadata/.plugins/org.eclipse.core.resources/.projects/development/com.salesforce.ide.core/packageCache.xml (No such file or directory)
 WARN [2014-10-01 18:47:05,340] (ComponentController.java:run:370) - Unable to update cache with new component Apex Class - cache is not found
 WARN [2014-10-01 18:47:26,320] (ComponentFactory.java:getCompositeComponentFromComponent:1093) - Unable to load existing 'classes/MetadataService.cls-meta.xml' from project - associated component's file resource is null.  Assuming new.
 WARN [2014-10-01 18:47:27,150] (ComponentFactory.java:getComponentBean:1145) - Unable to get component for id 'SamlSsoConfig': Unable to get bean for id 'SamlSsoConfig'
 WARN [2014-10-01 18:47:30,535] (Utils.java:loadDocument:823) - Unable to load document: /Users/roberto/proyectos/clay/clay-apps/sfafields/sf/.metadata/.plugins/org.eclipse.core.resources/.projects/development/com.salesforce.ide.core/packageCache.xml (No such file or directory)
 WARN [2014-10-01 18:47:30,536] (ComponentController.java:run:370) - Unable to update cache with new component Apex Class - cache is not found
 WARN [2014-10-01 18:56:27,069] (ProjectPackageList.java:getComponentByMetadataFilePath:826) - Did not find component for 'classes/MetadataService.cls'
 WARN [2014-10-01 18:56:27,071] (ProjectService.java:handleRetrieveMessages:2180) - Unable to handle retrieve message - could not find component 'classes/MetadataService.cls' for message 'In field: specific ids - no ApexClass named MetadataService found'
 WARN [2014-10-01 18:56:27,072] (ProjectPackageList.java:getComponentByMetadataFilePath:826) - Did not find component for 'classes/MetadataServiceTest.cls'
 WARN [2014-10-01 18:56:27,072] (ProjectService.java:handleRetrieveMessages:2180) - Unable to handle retrieve message - could not find component 'classes/MetadataServiceTest.cls' for message 'In field: specific ids - no ApexClass named MetadataServiceTest found'
 WARN [2014-10-01 18:56:27,075] (Utils.java:loadDocument:823) - Unable to load document: /Users/roberto/proyectos/clay/clay-apps/sfafields/sf/.metadata/.plugins/org.eclipse.core.resources/.projects/development/com.salesforce.ide.core/packageCache.xml (No such file or directory)
 WARN [2014-10-01 18:56:27,076] (DeleteRefactorController.java:run:342) - Unable to update cache with with deleted component(s)  - cache is not found
 WARN [2014-10-01 19:19:29,969] (ConnectionFactory.java:clearCache:212) - Clearing the following cached connections
 WARN [2014-10-01 19:19:29,971] (DescribeObjectRegistry.java:clearCache:657) - Clearing cached describes
 WARN [2014-10-01 19:19:29,972] (MetadataFactory.java:clearCache:123) - Clearing the following cached metadata stubs
 WARN [2014-10-02 06:43:09,706] (ApexReconcilingStrategy.java:handleException:155) - Error occured during reconcile
java.lang.IllegalArgumentException: 12: line breaks not allowed in string literals
	at com.salesforce.ide.ui.editors.apex.outline.AstUtils.removeComments(AstUtils.java:671)
	at com.salesforce.ide.ui.editors.apex.ast.IdeApexParserFactory.newParser(IdeApexParserFactory.java:45)
	at com.salesforce.ide.ui.editors.apex.ApexReconcilingStrategy$1.run(ApexReconcilingStrategy.java:89)
	at org.eclipse.core.runtime.SafeRunner.run(SafeRunner.java:42)
	at com.salesforce.ide.ui.editors.apex.ApexReconcilingStrategy.reconcile(ApexReconcilingStrategy.java:59)
	at com.salesforce.ide.ui.editors.apex.ApexReconcilingStrategy.reconcile(ApexReconcilingStrategy.java:240)
	at org.eclipse.jface.text.reconciler.MonoReconciler.process(MonoReconciler.java:77)
	at com.salesforce.ide.ui.editors.apex.ApexReconciler.process(ApexReconciler.java:288)
	at org.eclipse.jface.text.reconciler.AbstractReconciler$BackgroundThread.run(AbstractReconciler.java:206)
 WARN [2014-10-02 06:43:09,718] (ApexCodeEditor.java:getStatementNear:789) - An error occured while parsing the AST, the last cached version of the AST is being used
java.lang.IllegalArgumentException: 12: line breaks not allowed in string literals
	at com.salesforce.ide.ui.editors.apex.outline.AstUtils.removeComments(AstUtils.java:671)
	at com.salesforce.ide.ui.editors.apex.ast.IdeApexParserFactory.newParser(IdeApexParserFactory.java:45)
	at com.salesforce.ide.ui.editors.apex.ApexCodeEditor.getStatementNear(ApexCodeEditor.java:784)
	at com.salesforce.ide.ui.editors.apex.ApexCodeEditor.getSourceElementAt(ApexCodeEditor.java:745)
	at com.salesforce.ide.ui.editors.apex.ApexCodeEditor.computeHighlightRangeSourceReference(ApexCodeEditor.java:741)
	at com.salesforce.ide.ui.editors.apex.ApexCodeEditor.selectionChanged(ApexCodeEditor.java:605)
	at com.salesforce.ide.ui.editors.apex.AstEditor$1.run(AstEditor.java:45)
	at org.eclipse.swt.widgets.RunnableLock.run(RunnableLock.java:35)
	at org.eclipse.swt.widgets.Synchronizer.runAsyncMessages(Synchronizer.java:134)
	at org.eclipse.swt.widgets.Display.runAsyncMessages(Display.java:3342)
	at org.eclipse.swt.widgets.Display.readAndDispatch(Display.java:3071)
	at org.eclipse.ui.internal.Workbench.runEventLoop(Workbench.java:2405)
	at org.eclipse.ui.internal.Workbench.runUI(Workbench.java:2369)
	at org.eclipse.ui.internal.Workbench.access$4(Workbench.java:2221)
	at org.eclipse.ui.internal.Workbench$5.run(Workbench.java:500)
	at org.eclipse.core.databinding.observable.Realm.runWithDefault(Realm.java:332)
	at org.eclipse.ui.internal.Workbench.createAndRunWorkbench(Workbench.java:493)
	at org.eclipse.ui.PlatformUI.createAndRunWorkbench(PlatformUI.java:149)
	at org.eclipse.ui.internal.ide.application.IDEApplication.start(IDEApplication.java:113)
	at org.eclipse.equinox.internal.app.EclipseAppHandle.run(EclipseAppHandle.java:194)
	at org.eclipse.core.runtime.internal.adaptor.EclipseAppLauncher.runApplication(EclipseAppLauncher.java:110)
	at org.eclipse.core.runtime.internal.adaptor.EclipseAppLauncher.start(EclipseAppLauncher.java:79)
	at org.eclipse.core.runtime.adaptor.EclipseStarter.run(EclipseStarter.java:368)
	at org.eclipse.core.runtime.adaptor.EclipseStarter.run(EclipseStarter.java:179)
	at sun.reflect.NativeMethodAccessorImpl.invoke0(Native Method)
	at sun.reflect.NativeMethodAccessorImpl.invoke(NativeMethodAccessorImpl.java:39)
	at sun.reflect.DelegatingMethodAccessorImpl.invoke(DelegatingMethodAccessorImpl.java:25)
	at java.lang.reflect.Method.invoke(Method.java:597)
	at org.eclipse.equinox.launcher.Main.invokeFramework(Main.java:559)
	at org.eclipse.equinox.launcher.Main.basicRun(Main.java:514)
	at org.eclipse.equinox.launcher.Main.run(Main.java:1311)
 WARN [2014-10-02 06:43:11,909] (ApexCodeEditor.java:getStatementNear:789) - An error occured while parsing the AST, the last cached version of the AST is being used
java.lang.IllegalArgumentException: 12: line breaks not allowed in string literals
	at com.salesforce.ide.ui.editors.apex.outline.AstUtils.removeComments(AstUtils.java:671)
	at com.salesforce.ide.ui.editors.apex.ast.IdeApexParserFactory.newParser(IdeApexParserFactory.java:45)
	at com.salesforce.ide.ui.editors.apex.ApexCodeEditor.getStatementNear(ApexCodeEditor.java:784)
	at com.salesforce.ide.ui.editors.apex.ApexCodeEditor.getSourceElementAt(ApexCodeEditor.java:745)
	at com.salesforce.ide.ui.editors.apex.ApexCodeEditor.computeHighlightRangeSourceReference(ApexCodeEditor.java:741)
	at com.salesforce.ide.ui.editors.apex.ApexCodeEditor.selectionChanged(ApexCodeEditor.java:605)
	at com.salesforce.ide.ui.editors.apex.ApexCodeEditor$EditorSelectionChangedListener.selectionChanged(ApexCodeEditor.java:598)
	at org.eclipse.jface.text.TextViewer.firePostSelectionChanged(TextViewer.java:2731)
	at org.eclipse.jface.text.TextViewer.firePostSelectionChanged(TextViewer.java:2679)
	at org.eclipse.jface.text.TextViewer$5.run(TextViewer.java:2658)
	at org.eclipse.swt.widgets.Display.runTimers(Display.java:3570)
	at org.eclipse.swt.widgets.Display.readAndDispatch(Display.java:3045)
	at org.eclipse.ui.internal.Workbench.runEventLoop(Workbench.java:2405)
	at org.eclipse.ui.internal.Workbench.runUI(Workbench.java:2369)
	at org.eclipse.ui.internal.Workbench.access$4(Workbench.java:2221)
	at org.eclipse.ui.internal.Workbench$5.run(Workbench.java:500)
	at org.eclipse.core.databinding.observable.Realm.runWithDefault(Realm.java:332)
	at org.eclipse.ui.internal.Workbench.createAndRunWorkbench(Workbench.java:493)
	at org.eclipse.ui.PlatformUI.createAndRunWorkbench(PlatformUI.java:149)
	at org.eclipse.ui.internal.ide.application.IDEApplication.start(IDEApplication.java:113)
	at org.eclipse.equinox.internal.app.EclipseAppHandle.run(EclipseAppHandle.java:194)
	at org.eclipse.core.runtime.internal.adaptor.EclipseAppLauncher.runApplication(EclipseAppLauncher.java:110)
	at org.eclipse.core.runtime.internal.adaptor.EclipseAppLauncher.start(EclipseAppLauncher.java:79)
	at org.eclipse.core.runtime.adaptor.EclipseStarter.run(EclipseStarter.java:368)
	at org.eclipse.core.runtime.adaptor.EclipseStarter.run(EclipseStarter.java:179)
	at sun.reflect.NativeMethodAccessorImpl.invoke0(Native Method)
	at sun.reflect.NativeMethodAccessorImpl.invoke(NativeMethodAccessorImpl.java:39)
	at sun.reflect.DelegatingMethodAccessorImpl.invoke(DelegatingMethodAccessorImpl.java:25)
	at java.lang.reflect.Method.invoke(Method.java:597)
	at org.eclipse.equinox.launcher.Main.invokeFramework(Main.java:559)
	at org.eclipse.equinox.launcher.Main.basicRun(Main.java:514)
	at org.eclipse.equinox.launcher.Main.run(Main.java:1311)
 WARN [2014-10-02 06:43:12,722] (ApexCodeEditor.java:getStatementNear:789) - An error occured while parsing the AST, the last cached version of the AST is being used
java.lang.IllegalArgumentException: 12: line breaks not allowed in string literals
	at com.salesforce.ide.ui.editors.apex.outline.AstUtils.removeComments(AstUtils.java:671)
	at com.salesforce.ide.ui.editors.apex.ast.IdeApexParserFactory.newParser(IdeApexParserFactory.java:45)
	at com.salesforce.ide.ui.editors.apex.ApexCodeEditor.getStatementNear(ApexCodeEditor.java:784)
	at com.salesforce.ide.ui.editors.apex.ApexCodeEditor.getSourceElementAt(ApexCodeEditor.java:745)
	at com.salesforce.ide.ui.editors.apex.ApexCodeEditor.computeHighlightRangeSourceReference(ApexCodeEditor.java:741)
	at com.salesforce.ide.ui.editors.apex.ApexCodeEditor.selectionChanged(ApexCodeEditor.java:605)
	at com.salesforce.ide.ui.editors.apex.AstEditor$1.run(AstEditor.java:45)
	at org.eclipse.swt.widgets.RunnableLock.run(RunnableLock.java:35)
	at org.eclipse.swt.widgets.Synchronizer.runAsyncMessages(Synchronizer.java:134)
	at org.eclipse.swt.widgets.Display.runAsyncMessages(Display.java:3342)
	at org.eclipse.swt.widgets.Display.readAndDispatch(Display.java:3071)
	at org.eclipse.ui.internal.Workbench.runEventLoop(Workbench.java:2405)
	at org.eclipse.ui.internal.Workbench.runUI(Workbench.java:2369)
	at org.eclipse.ui.internal.Workbench.access$4(Workbench.java:2221)
	at org.eclipse.ui.internal.Workbench$5.run(Workbench.java:500)
	at org.eclipse.core.databinding.observable.Realm.runWithDefault(Realm.java:332)
	at org.eclipse.ui.internal.Workbench.createAndRunWorkbench(Workbench.java:493)
	at org.eclipse.ui.PlatformUI.createAndRunWorkbench(PlatformUI.java:149)
	at org.eclipse.ui.internal.ide.application.IDEApplication.start(IDEApplication.java:113)
	at org.eclipse.equinox.internal.app.EclipseAppHandle.run(EclipseAppHandle.java:194)
	at org.eclipse.core.runtime.internal.adaptor.EclipseAppLauncher.runApplication(EclipseAppLauncher.java:110)
	at org.eclipse.core.runtime.internal.adaptor.EclipseAppLauncher.start(EclipseAppLauncher.java:79)
	at org.eclipse.core.runtime.adaptor.EclipseStarter.run(EclipseStarter.java:368)
	at org.eclipse.core.runtime.adaptor.EclipseStarter.run(EclipseStarter.java:179)
	at sun.reflect.NativeMethodAccessorImpl.invoke0(Native Method)
	at sun.reflect.NativeMethodAccessorImpl.invoke(NativeMethodAccessorImpl.java:39)
	at sun.reflect.DelegatingMethodAccessorImpl.invoke(DelegatingMethodAccessorImpl.java:25)
	at java.lang.reflect.Method.invoke(Method.java:597)
	at org.eclipse.equinox.launcher.Main.invokeFramework(Main.java:559)
	at org.eclipse.equinox.launcher.Main.basicRun(Main.java:514)
	at org.eclipse.equinox.launcher.Main.run(Main.java:1311)
 WARN [2014-10-02 06:43:14,851] (ApexCodeEditor.java:getStatementNear:789) - An error occured while parsing the AST, the last cached version of the AST is being used
apex.parser.ApexParseException: unexpected token: 'global'
	at apex.parser.ApexParser.parseClass(ApexParser.java:85)
	at com.salesforce.ide.ui.editors.apex.ast.IdeApexClzParser.parseClass(IdeApexClzParser.java:58)
	at com.salesforce.ide.ui.editors.apex.ast.IdeApexClzParser.parse(IdeApexClzParser.java:35)
	at com.salesforce.ide.ui.editors.apex.ApexCodeEditor.getStatementNear(ApexCodeEditor.java:786)
	at com.salesforce.ide.ui.editors.apex.ApexCodeEditor.getSourceElementAt(ApexCodeEditor.java:745)
	at com.salesforce.ide.ui.editors.apex.ApexCodeEditor.computeHighlightRangeSourceReference(ApexCodeEditor.java:741)
	at com.salesforce.ide.ui.editors.apex.ApexCodeEditor.selectionChanged(ApexCodeEditor.java:605)
	at com.salesforce.ide.ui.editors.apex.ApexCodeEditor$EditorSelectionChangedListener.selectionChanged(ApexCodeEditor.java:598)
	at org.eclipse.jface.text.TextViewer.firePostSelectionChanged(TextViewer.java:2731)
	at org.eclipse.jface.text.TextViewer.firePostSelectionChanged(TextViewer.java:2679)
	at org.eclipse.jface.text.TextViewer$5.run(TextViewer.java:2658)
	at org.eclipse.swt.widgets.Display.runTimers(Display.java:3570)
	at org.eclipse.swt.widgets.Display.readAndDispatch(Display.java:3045)
	at org.eclipse.ui.internal.Workbench.runEventLoop(Workbench.java:2405)
	at org.eclipse.ui.internal.Workbench.runUI(Workbench.java:2369)
	at org.eclipse.ui.internal.Workbench.access$4(Workbench.java:2221)
	at org.eclipse.ui.internal.Workbench$5.run(Workbench.java:500)
	at org.eclipse.core.databinding.observable.Realm.runWithDefault(Realm.java:332)
	at org.eclipse.ui.internal.Workbench.createAndRunWorkbench(Workbench.java:493)
	at org.eclipse.ui.PlatformUI.createAndRunWorkbench(PlatformUI.java:149)
	at org.eclipse.ui.internal.ide.application.IDEApplication.start(IDEApplication.java:113)
	at org.eclipse.equinox.internal.app.EclipseAppHandle.run(EclipseAppHandle.java:194)
	at org.eclipse.core.runtime.internal.adaptor.EclipseAppLauncher.runApplication(EclipseAppLauncher.java:110)
	at org.eclipse.core.runtime.internal.adaptor.EclipseAppLauncher.start(EclipseAppLauncher.java:79)
	at org.eclipse.core.runtime.adaptor.EclipseStarter.run(EclipseStarter.java:368)
	at org.eclipse.core.runtime.adaptor.EclipseStarter.run(EclipseStarter.java:179)
	at sun.reflect.NativeMethodAccessorImpl.invoke0(Native Method)
	at sun.reflect.NativeMethodAccessorImpl.invoke(NativeMethodAccessorImpl.java:39)
	at sun.reflect.DelegatingMethodAccessorImpl.invoke(DelegatingMethodAccessorImpl.java:25)
	at java.lang.reflect.Method.invoke(Method.java:597)
	at org.eclipse.equinox.launcher.Main.invokeFramework(Main.java:559)
	at org.eclipse.equinox.launcher.Main.basicRun(Main.java:514)
	at org.eclipse.equinox.launcher.Main.run(Main.java:1311)
Caused by: NoViableAltException(36@[463:1: memberDecl[IContainer c, Modifiers o] : ( memberDeclaration[c, o] | n= identifier m= methodDeclaratorRest[c, null, o, n] | innerTypeDecl[c, o] );])
	at org.antlr.runtime.DFA.noViableAlt(DFA.java:158)
	at org.antlr.runtime.DFA.predict(DFA.java:116)
	at apex.parser.gen.ApexParser.memberDecl(ApexParser.java:2379)
	at apex.parser.gen.ApexParser.classBodyDeclaration(ApexParser.java:1178)
	at apex.parser.gen.ApexParser.classDeclaration(ApexParser.java:561)
	at apex.parser.gen.ApexParser.typeDeclaration(ApexParser.java:397)
	at apex.parser.ApexParser.parseClass(ApexParser.java:79)
	... 32 more
 WARN [2014-10-02 06:43:15,727] (ApexCodeEditor.java:getStatementNear:789) - An error occured while parsing the AST, the last cached version of the AST is being used
apex.parser.ApexParseException: unexpected token: 'global'
	at apex.parser.ApexParser.parseClass(ApexParser.java:85)
	at com.salesforce.ide.ui.editors.apex.ast.IdeApexClzParser.parseClass(IdeApexClzParser.java:58)
	at com.salesforce.ide.ui.editors.apex.ast.IdeApexClzParser.parse(IdeApexClzParser.java:35)
	at com.salesforce.ide.ui.editors.apex.ApexCodeEditor.getStatementNear(ApexCodeEditor.java:786)
	at com.salesforce.ide.ui.editors.apex.ApexCodeEditor.getSourceElementAt(ApexCodeEditor.java:745)
	at com.salesforce.ide.ui.editors.apex.ApexCodeEditor.computeHighlightRangeSourceReference(ApexCodeEditor.java:741)
	at com.salesforce.ide.ui.editors.apex.ApexCodeEditor.selectionChanged(ApexCodeEditor.java:605)
	at com.salesforce.ide.ui.editors.apex.AstEditor$1.run(AstEditor.java:45)
	at org.eclipse.swt.widgets.RunnableLock.run(RunnableLock.java:35)
	at org.eclipse.swt.widgets.Synchronizer.runAsyncMessages(Synchronizer.java:134)
	at org.eclipse.swt.widgets.Display.runAsyncMessages(Display.java:3342)
	at org.eclipse.swt.widgets.Display.readAndDispatch(Display.java:3071)
	at org.eclipse.ui.internal.Workbench.runEventLoop(Workbench.java:2405)
	at org.eclipse.ui.internal.Workbench.runUI(Workbench.java:2369)
	at org.eclipse.ui.internal.Workbench.access$4(Workbench.java:2221)
	at org.eclipse.ui.internal.Workbench$5.run(Workbench.java:500)
	at org.eclipse.core.databinding.observable.Realm.runWithDefault(Realm.java:332)
	at org.eclipse.ui.internal.Workbench.createAndRunWorkbench(Workbench.java:493)
	at org.eclipse.ui.PlatformUI.createAndRunWorkbench(PlatformUI.java:149)
	at org.eclipse.ui.internal.ide.application.IDEApplication.start(IDEApplication.java:113)
	at org.eclipse.equinox.internal.app.EclipseAppHandle.run(EclipseAppHandle.java:194)
	at org.eclipse.core.runtime.internal.adaptor.EclipseAppLauncher.runApplication(EclipseAppLauncher.java:110)
	at org.eclipse.core.runtime.internal.adaptor.EclipseAppLauncher.start(EclipseAppLauncher.java:79)
	at org.eclipse.core.runtime.adaptor.EclipseStarter.run(EclipseStarter.java:368)
	at org.eclipse.core.runtime.adaptor.EclipseStarter.run(EclipseStarter.java:179)
	at sun.reflect.NativeMethodAccessorImpl.invoke0(Native Method)
	at sun.reflect.NativeMethodAccessorImpl.invoke(NativeMethodAccessorImpl.java:39)
	at sun.reflect.DelegatingMethodAccessorImpl.invoke(DelegatingMethodAccessorImpl.java:25)
	at java.lang.reflect.Method.invoke(Method.java:597)
	at org.eclipse.equinox.launcher.Main.invokeFramework(Main.java:559)
	at org.eclipse.equinox.launcher.Main.basicRun(Main.java:514)
	at org.eclipse.equinox.launcher.Main.run(Main.java:1311)
Caused by: NoViableAltException(36@[463:1: memberDecl[IContainer c, Modifiers o] : ( memberDeclaration[c, o] | n= identifier m= methodDeclaratorRest[c, null, o, n] | innerTypeDecl[c, o] );])
	at org.antlr.runtime.DFA.noViableAlt(DFA.java:158)
	at org.antlr.runtime.DFA.predict(DFA.java:116)
	at apex.parser.gen.ApexParser.memberDecl(ApexParser.java:2379)
	at apex.parser.gen.ApexParser.classBodyDeclaration(ApexParser.java:1178)
	at apex.parser.gen.ApexParser.classDeclaration(ApexParser.java:561)
	at apex.parser.gen.ApexParser.typeDeclaration(ApexParser.java:397)
	at apex.parser.ApexParser.parseClass(ApexParser.java:79)
	... 31 more
 WARN [2014-10-02 06:43:16,728] (ApexCodeEditor.java:getStatementNear:789) - An error occured while parsing the AST, the last cached version of the AST is being used
apex.parser.ApexParseException: unexpected token: 'global'
	at apex.parser.ApexParser.parseClass(ApexParser.java:85)
	at com.salesforce.ide.ui.editors.apex.ast.IdeApexClzParser.parseClass(IdeApexClzParser.java:58)
	at com.salesforce.ide.ui.editors.apex.ast.IdeApexClzParser.parse(IdeApexClzParser.java:35)
	at com.salesforce.ide.ui.editors.apex.ApexCodeEditor.getStatementNear(ApexCodeEditor.java:786)
	at com.salesforce.ide.ui.editors.apex.ApexCodeEditor.getSourceElementAt(ApexCodeEditor.java:745)
	at com.salesforce.ide.ui.editors.apex.ApexCodeEditor.computeHighlightRangeSourceReference(ApexCodeEditor.java:741)
	at com.salesforce.ide.ui.editors.apex.ApexCodeEditor.selectionChanged(ApexCodeEditor.java:605)
	at com.salesforce.ide.ui.editors.apex.AstEditor$1.run(AstEditor.java:45)
	at org.eclipse.swt.widgets.RunnableLock.run(RunnableLock.java:35)
	at org.eclipse.swt.widgets.Synchronizer.runAsyncMessages(Synchronizer.java:134)
	at org.eclipse.swt.widgets.Display.runAsyncMessages(Display.java:3342)
	at org.eclipse.swt.widgets.Display.readAndDispatch(Display.java:3071)
	at org.eclipse.ui.internal.Workbench.runEventLoop(Workbench.java:2405)
	at org.eclipse.ui.internal.Workbench.runUI(Workbench.java:2369)
	at org.eclipse.ui.internal.Workbench.access$4(Workbench.java:2221)
	at org.eclipse.ui.internal.Workbench$5.run(Workbench.java:500)
	at org.eclipse.core.databinding.observable.Realm.runWithDefault(Realm.java:332)
	at org.eclipse.ui.internal.Workbench.createAndRunWorkbench(Workbench.java:493)
	at org.eclipse.ui.PlatformUI.createAndRunWorkbench(PlatformUI.java:149)
	at org.eclipse.ui.internal.ide.application.IDEApplication.start(IDEApplication.java:113)
	at org.eclipse.equinox.internal.app.EclipseAppHandle.run(EclipseAppHandle.java:194)
	at org.eclipse.core.runtime.internal.adaptor.EclipseAppLauncher.runApplication(EclipseAppLauncher.java:110)
	at org.eclipse.core.runtime.internal.adaptor.EclipseAppLauncher.start(EclipseAppLauncher.java:79)
	at org.eclipse.core.runtime.adaptor.EclipseStarter.run(EclipseStarter.java:368)
	at org.eclipse.core.runtime.adaptor.EclipseStarter.run(EclipseStarter.java:179)
	at sun.reflect.NativeMethodAccessorImpl.invoke0(Native Method)
	at sun.reflect.NativeMethodAccessorImpl.invoke(NativeMethodAccessorImpl.java:39)
	at sun.reflect.DelegatingMethodAccessorImpl.invoke(DelegatingMethodAccessorImpl.java:25)
	at java.lang.reflect.Method.invoke(Method.java:597)
	at org.eclipse.equinox.launcher.Main.invokeFramework(Main.java:559)
	at org.eclipse.equinox.launcher.Main.basicRun(Main.java:514)
	at org.eclipse.equinox.launcher.Main.run(Main.java:1311)
Caused by: NoViableAltException(36@[463:1: memberDecl[IContainer c, Modifiers o] : ( memberDeclaration[c, o] | n= identifier m= methodDeclaratorRest[c, null, o, n] | innerTypeDecl[c, o] );])
	at org.antlr.runtime.DFA.noViableAlt(DFA.java:158)
	at org.antlr.runtime.DFA.predict(DFA.java:116)
	at apex.parser.gen.ApexParser.memberDecl(ApexParser.java:2379)
	at apex.parser.gen.ApexParser.classBodyDeclaration(ApexParser.java:1178)
	at apex.parser.gen.ApexParser.classDeclaration(ApexParser.java:561)
	at apex.parser.gen.ApexParser.typeDeclaration(ApexParser.java:397)
	at apex.parser.ApexParser.parseClass(ApexParser.java:79)
	... 31 more
 WARN [2014-10-02 06:43:19,231] (ApexCodeEditor.java:getStatementNear:789) - An error occured while parsing the AST, the last cached version of the AST is being used
apex.parser.ApexParseException: unexpected token: 'global'
	at apex.parser.ApexParser.parseClass(ApexParser.java:85)
	at com.salesforce.ide.ui.editors.apex.ast.IdeApexClzParser.parseClass(IdeApexClzParser.java:58)
	at com.salesforce.ide.ui.editors.apex.ast.IdeApexClzParser.parse(IdeApexClzParser.java:35)
	at com.salesforce.ide.ui.editors.apex.ApexCodeEditor.getStatementNear(ApexCodeEditor.java:786)
	at com.salesforce.ide.ui.editors.apex.ApexCodeEditor.getSourceElementAt(ApexCodeEditor.java:745)
	at com.salesforce.ide.ui.editors.apex.ApexCodeEditor.computeHighlightRangeSourceReference(ApexCodeEditor.java:741)
	at com.salesforce.ide.ui.editors.apex.ApexCodeEditor.selectionChanged(ApexCodeEditor.java:605)
	at com.salesforce.ide.ui.editors.apex.AstEditor$1.run(AstEditor.java:45)
	at org.eclipse.swt.widgets.RunnableLock.run(RunnableLock.java:35)
	at org.eclipse.swt.widgets.Synchronizer.runAsyncMessages(Synchronizer.java:134)
	at org.eclipse.swt.widgets.Display.runAsyncMessages(Display.java:3342)
	at org.eclipse.swt.widgets.Display.readAndDispatch(Display.java:3071)
	at org.eclipse.ui.internal.Workbench.runEventLoop(Workbench.java:2405)
	at org.eclipse.ui.internal.Workbench.runUI(Workbench.java:2369)
	at org.eclipse.ui.internal.Workbench.access$4(Workbench.java:2221)
	at org.eclipse.ui.internal.Workbench$5.run(Workbench.java:500)
	at org.eclipse.core.databinding.observable.Realm.runWithDefault(Realm.java:332)
	at org.eclipse.ui.internal.Workbench.createAndRunWorkbench(Workbench.java:493)
	at org.eclipse.ui.PlatformUI.createAndRunWorkbench(PlatformUI.java:149)
	at org.eclipse.ui.internal.ide.application.IDEApplication.start(IDEApplication.java:113)
	at org.eclipse.equinox.internal.app.EclipseAppHandle.run(EclipseAppHandle.java:194)
	at org.eclipse.core.runtime.internal.adaptor.EclipseAppLauncher.runApplication(EclipseAppLauncher.java:110)
	at org.eclipse.core.runtime.internal.adaptor.EclipseAppLauncher.start(EclipseAppLauncher.java:79)
	at org.eclipse.core.runtime.adaptor.EclipseStarter.run(EclipseStarter.java:368)
	at org.eclipse.core.runtime.adaptor.EclipseStarter.run(EclipseStarter.java:179)
	at sun.reflect.NativeMethodAccessorImpl.invoke0(Native Method)
	at sun.reflect.NativeMethodAccessorImpl.invoke(NativeMethodAccessorImpl.java:39)
	at sun.reflect.DelegatingMethodAccessorImpl.invoke(DelegatingMethodAccessorImpl.java:25)
	at java.lang.reflect.Method.invoke(Method.java:597)
	at org.eclipse.equinox.launcher.Main.invokeFramework(Main.java:559)
	at org.eclipse.equinox.launcher.Main.basicRun(Main.java:514)
	at org.eclipse.equinox.launcher.Main.run(Main.java:1311)
Caused by: NoViableAltException(36@[463:1: memberDecl[IContainer c, Modifiers o] : ( memberDeclaration[c, o] | n= identifier m= methodDeclaratorRest[c, null, o, n] | innerTypeDecl[c, o] );])
	at org.antlr.runtime.DFA.noViableAlt(DFA.java:158)
	at org.antlr.runtime.DFA.predict(DFA.java:116)
	at apex.parser.gen.ApexParser.memberDecl(ApexParser.java:2379)
	at apex.parser.gen.ApexParser.classBodyDeclaration(ApexParser.java:1178)
	at apex.parser.gen.ApexParser.classDeclaration(ApexParser.java:561)
	at apex.parser.gen.ApexParser.typeDeclaration(ApexParser.java:397)
	at apex.parser.ApexParser.parseClass(ApexParser.java:79)
	... 31 more
 WARN [2014-10-02 06:43:19,243] (ApexCodeEditor.java:getStatementNear:789) - An error occured while parsing the AST, the last cached version of the AST is being used
apex.parser.ApexParseException: unexpected token: 'global'
	at apex.parser.ApexParser.parseClass(ApexParser.java:85)
	at com.salesforce.ide.ui.editors.apex.ast.IdeApexClzParser.parseClass(IdeApexClzParser.java:58)
	at com.salesforce.ide.ui.editors.apex.ast.IdeApexClzParser.parse(IdeApexClzParser.java:35)
	at com.salesforce.ide.ui.editors.apex.ApexCodeEditor.getStatementNear(ApexCodeEditor.java:786)
	at com.salesforce.ide.ui.editors.apex.ApexCodeEditor.getSourceElementAt(ApexCodeEditor.java:745)
	at com.salesforce.ide.ui.editors.apex.ApexCodeEditor.computeHighlightRangeSourceReference(ApexCodeEditor.java:741)
	at com.salesforce.ide.ui.editors.apex.ApexCodeEditor.selectionChanged(ApexCodeEditor.java:605)
	at com.salesforce.ide.ui.editors.apex.ApexCodeEditor$EditorSelectionChangedListener.selectionChanged(ApexCodeEditor.java:598)
	at org.eclipse.jface.text.TextViewer.firePostSelectionChanged(TextViewer.java:2731)
	at org.eclipse.jface.text.TextViewer.firePostSelectionChanged(TextViewer.java:2679)
	at org.eclipse.jface.text.TextViewer$5.run(TextViewer.java:2658)
	at org.eclipse.swt.widgets.Display.timerProc(Display.java:4061)
	at org.eclipse.swt.internal.carbon.OS.ReceiveNextEvent(Native Method)
	at org.eclipse.swt.widgets.Display.readAndDispatch(Display.java:3048)
	at org.eclipse.ui.internal.Workbench.runEventLoop(Workbench.java:2405)
	at org.eclipse.ui.internal.Workbench.runUI(Workbench.java:2369)
	at org.eclipse.ui.internal.Workbench.access$4(Workbench.java:2221)
	at org.eclipse.ui.internal.Workbench$5.run(Workbench.java:500)
	at org.eclipse.core.databinding.observable.Realm.runWithDefault(Realm.java:332)
	at org.eclipse.ui.internal.Workbench.createAndRunWorkbench(Workbench.java:493)
	at org.eclipse.ui.PlatformUI.createAndRunWorkbench(PlatformUI.java:149)
	at org.eclipse.ui.internal.ide.application.IDEApplication.start(IDEApplication.java:113)
	at org.eclipse.equinox.internal.app.EclipseAppHandle.run(EclipseAppHandle.java:194)
	at org.eclipse.core.runtime.internal.adaptor.EclipseAppLauncher.runApplication(EclipseAppLauncher.java:110)
	at org.eclipse.core.runtime.internal.adaptor.EclipseAppLauncher.start(EclipseAppLauncher.java:79)
	at org.eclipse.core.runtime.adaptor.EclipseStarter.run(EclipseStarter.java:368)
	at org.eclipse.core.runtime.adaptor.EclipseStarter.run(EclipseStarter.java:179)
	at sun.reflect.NativeMethodAccessorImpl.invoke0(Native Method)
	at sun.reflect.NativeMethodAccessorImpl.invoke(NativeMethodAccessorImpl.java:39)
	at sun.reflect.DelegatingMethodAccessorImpl.invoke(DelegatingMethodAccessorImpl.java:25)
	at java.lang.reflect.Method.invoke(Method.java:597)
	at org.eclipse.equinox.launcher.Main.invokeFramework(Main.java:559)
	at org.eclipse.equinox.launcher.Main.basicRun(Main.java:514)
	at org.eclipse.equinox.launcher.Main.run(Main.java:1311)
Caused by: NoViableAltException(36@[463:1: memberDecl[IContainer c, Modifiers o] : ( memberDeclaration[c, o] | n= identifier m= methodDeclaratorRest[c, null, o, n] | innerTypeDecl[c, o] );])
	at org.antlr.runtime.DFA.noViableAlt(DFA.java:158)
	at org.antlr.runtime.DFA.predict(DFA.java:116)
	at apex.parser.gen.ApexParser.memberDecl(ApexParser.java:2379)
	at apex.parser.gen.ApexParser.classBodyDeclaration(ApexParser.java:1178)
	at apex.parser.gen.ApexParser.classDeclaration(ApexParser.java:561)
	at apex.parser.gen.ApexParser.typeDeclaration(ApexParser.java:397)
	at apex.parser.ApexParser.parseClass(ApexParser.java:79)
	... 33 more
 WARN [2014-10-02 06:43:21,450] (ApexCodeEditor.java:getStatementNear:789) - An error occured while parsing the AST, the last cached version of the AST is being used
apex.parser.ApexParseException: unexpected token: 'global'
	at apex.parser.ApexParser.parseClass(ApexParser.java:85)
	at com.salesforce.ide.ui.editors.apex.ast.IdeApexClzParser.parseClass(IdeApexClzParser.java:58)
	at com.salesforce.ide.ui.editors.apex.ast.IdeApexClzParser.parse(IdeApexClzParser.java:35)
	at com.salesforce.ide.ui.editors.apex.ApexCodeEditor.getStatementNear(ApexCodeEditor.java:786)
	at com.salesforce.ide.ui.editors.apex.ApexCodeEditor.getSourceElementAt(ApexCodeEditor.java:745)
	at com.salesforce.ide.ui.editors.apex.ApexCodeEditor.computeHighlightRangeSourceReference(ApexCodeEditor.java:741)
	at com.salesforce.ide.ui.editors.apex.ApexCodeEditor.selectionChanged(ApexCodeEditor.java:605)
	at com.salesforce.ide.ui.editors.apex.ApexCodeEditor$EditorSelectionChangedListener.selectionChanged(ApexCodeEditor.java:598)
	at org.eclipse.jface.text.TextViewer.firePostSelectionChanged(TextViewer.java:2731)
	at org.eclipse.jface.text.TextViewer.firePostSelectionChanged(TextViewer.java:2679)
	at org.eclipse.jface.text.TextViewer$5.run(TextViewer.java:2658)
	at org.eclipse.swt.widgets.Display.runTimers(Display.java:3570)
	at org.eclipse.swt.widgets.Display.readAndDispatch(Display.java:3045)
	at org.eclipse.ui.internal.Workbench.runEventLoop(Workbench.java:2405)
	at org.eclipse.ui.internal.Workbench.runUI(Workbench.java:2369)
	at org.eclipse.ui.internal.Workbench.access$4(Workbench.java:2221)
	at org.eclipse.ui.internal.Workbench$5.run(Workbench.java:500)
	at org.eclipse.core.databinding.observable.Realm.runWithDefault(Realm.java:332)
	at org.eclipse.ui.internal.Workbench.createAndRunWorkbench(Workbench.java:493)
	at org.eclipse.ui.PlatformUI.createAndRunWorkbench(PlatformUI.java:149)
	at org.eclipse.ui.internal.ide.application.IDEApplication.start(IDEApplication.java:113)
	at org.eclipse.equinox.internal.app.EclipseAppHandle.run(EclipseAppHandle.java:194)
	at org.eclipse.core.runtime.internal.adaptor.EclipseAppLauncher.runApplication(EclipseAppLauncher.java:110)
	at org.eclipse.core.runtime.internal.adaptor.EclipseAppLauncher.start(EclipseAppLauncher.java:79)
	at org.eclipse.core.runtime.adaptor.EclipseStarter.run(EclipseStarter.java:368)
	at org.eclipse.core.runtime.adaptor.EclipseStarter.run(EclipseStarter.java:179)
	at sun.reflect.NativeMethodAccessorImpl.invoke0(Native Method)
	at sun.reflect.NativeMethodAccessorImpl.invoke(NativeMethodAccessorImpl.java:39)
	at sun.reflect.DelegatingMethodAccessorImpl.invoke(DelegatingMethodAccessorImpl.java:25)
	at java.lang.reflect.Method.invoke(Method.java:597)
	at org.eclipse.equinox.launcher.Main.invokeFramework(Main.java:559)
	at org.eclipse.equinox.launcher.Main.basicRun(Main.java:514)
	at org.eclipse.equinox.launcher.Main.run(Main.java:1311)
Caused by: NoViableAltException(36@[463:1: memberDecl[IContainer c, Modifiers o] : ( memberDeclaration[c, o] | n= identifier m= methodDeclaratorRest[c, null, o, n] | innerTypeDecl[c, o] );])
	at org.antlr.runtime.DFA.noViableAlt(DFA.java:158)
	at org.antlr.runtime.DFA.predict(DFA.java:116)
	at apex.parser.gen.ApexParser.memberDecl(ApexParser.java:2379)
	at apex.parser.gen.ApexParser.classBodyDeclaration(ApexParser.java:1178)
	at apex.parser.gen.ApexParser.classDeclaration(ApexParser.java:561)
	at apex.parser.gen.ApexParser.typeDeclaration(ApexParser.java:397)
	at apex.parser.ApexParser.parseClass(ApexParser.java:79)
	... 32 more
 WARN [2014-10-02 06:43:21,737] (ApexCodeEditor.java:getStatementNear:789) - An error occured while parsing the AST, the last cached version of the AST is being used
apex.parser.ApexParseException: unexpected token: 'global'
	at apex.parser.ApexParser.parseClass(ApexParser.java:85)
	at com.salesforce.ide.ui.editors.apex.ast.IdeApexClzParser.parseClass(IdeApexClzParser.java:58)
	at com.salesforce.ide.ui.editors.apex.ast.IdeApexClzParser.parse(IdeApexClzParser.java:35)
	at com.salesforce.ide.ui.editors.apex.ApexCodeEditor.getStatementNear(ApexCodeEditor.java:786)
	at com.salesforce.ide.ui.editors.apex.ApexCodeEditor.getSourceElementAt(ApexCodeEditor.java:745)
	at com.salesforce.ide.ui.editors.apex.ApexCodeEditor.computeHighlightRangeSourceReference(ApexCodeEditor.java:741)
	at com.salesforce.ide.ui.editors.apex.ApexCodeEditor.selectionChanged(ApexCodeEditor.java:605)
	at com.salesforce.ide.ui.editors.apex.AstEditor$1.run(AstEditor.java:45)
	at org.eclipse.swt.widgets.RunnableLock.run(RunnableLock.java:35)
	at org.eclipse.swt.widgets.Synchronizer.runAsyncMessages(Synchronizer.java:134)
	at org.eclipse.swt.widgets.Display.runAsyncMessages(Display.java:3342)
	at org.eclipse.swt.widgets.Display.readAndDispatch(Display.java:3071)
	at org.eclipse.ui.internal.Workbench.runEventLoop(Workbench.java:2405)
	at org.eclipse.ui.internal.Workbench.runUI(Workbench.java:2369)
	at org.eclipse.ui.internal.Workbench.access$4(Workbench.java:2221)
	at org.eclipse.ui.internal.Workbench$5.run(Workbench.java:500)
	at org.eclipse.core.databinding.observable.Realm.runWithDefault(Realm.java:332)
	at org.eclipse.ui.internal.Workbench.createAndRunWorkbench(Workbench.java:493)
	at org.eclipse.ui.PlatformUI.createAndRunWorkbench(PlatformUI.java:149)
	at org.eclipse.ui.internal.ide.application.IDEApplication.start(IDEApplication.java:113)
	at org.eclipse.equinox.internal.app.EclipseAppHandle.run(EclipseAppHandle.java:194)
	at org.eclipse.core.runtime.internal.adaptor.EclipseAppLauncher.runApplication(EclipseAppLauncher.java:110)
	at org.eclipse.core.runtime.internal.adaptor.EclipseAppLauncher.start(EclipseAppLauncher.java:79)
	at org.eclipse.core.runtime.adaptor.EclipseStarter.run(EclipseStarter.java:368)
	at org.eclipse.core.runtime.adaptor.EclipseStarter.run(EclipseStarter.java:179)
	at sun.reflect.NativeMethodAccessorImpl.invoke0(Native Method)
	at sun.reflect.NativeMethodAccessorImpl.invoke(NativeMethodAccessorImpl.java:39)
	at sun.reflect.DelegatingMethodAccessorImpl.invoke(DelegatingMethodAccessorImpl.java:25)
	at java.lang.reflect.Method.invoke(Method.java:597)
	at org.eclipse.equinox.launcher.Main.invokeFramework(Main.java:559)
	at org.eclipse.equinox.launcher.Main.basicRun(Main.java:514)
	at org.eclipse.equinox.launcher.Main.run(Main.java:1311)
Caused by: NoViableAltException(36@[463:1: memberDecl[IContainer c, Modifiers o] : ( memberDeclaration[c, o] | n= identifier m= methodDeclaratorRest[c, null, o, n] | innerTypeDecl[c, o] );])
	at org.antlr.runtime.DFA.noViableAlt(DFA.java:158)
	at org.antlr.runtime.DFA.predict(DFA.java:116)
	at apex.parser.gen.ApexParser.memberDecl(ApexParser.java:2379)
	at apex.parser.gen.ApexParser.classBodyDeclaration(ApexParser.java:1178)
	at apex.parser.gen.ApexParser.classDeclaration(ApexParser.java:561)
	at apex.parser.gen.ApexParser.typeDeclaration(ApexParser.java:397)
	at apex.parser.ApexParser.parseClass(ApexParser.java:79)
	... 31 more
 WARN [2014-10-02 06:43:23,491] (ApexCodeEditor.java:getStatementNear:789) - An error occured while parsing the AST, the last cached version of the AST is being used
apex.parser.ApexParseException: unexpected token: 'global'
	at apex.parser.ApexParser.parseClass(ApexParser.java:85)
	at com.salesforce.ide.ui.editors.apex.ast.IdeApexClzParser.parseClass(IdeApexClzParser.java:58)
	at com.salesforce.ide.ui.editors.apex.ast.IdeApexClzParser.parse(IdeApexClzParser.java:35)
	at com.salesforce.ide.ui.editors.apex.ApexCodeEditor.getStatementNear(ApexCodeEditor.java:786)
	at com.salesforce.ide.ui.editors.apex.ApexCodeEditor.getSourceElementAt(ApexCodeEditor.java:745)
	at com.salesforce.ide.ui.editors.apex.ApexCodeEditor.computeHighlightRangeSourceReference(ApexCodeEditor.java:741)
	at com.salesforce.ide.ui.editors.apex.ApexCodeEditor.selectionChanged(ApexCodeEditor.java:605)
	at com.salesforce.ide.ui.editors.apex.ApexCodeEditor$EditorSelectionChangedListener.selectionChanged(ApexCodeEditor.java:598)
	at org.eclipse.jface.text.TextViewer.firePostSelectionChanged(TextViewer.java:2731)
	at org.eclipse.jface.text.TextViewer.firePostSelectionChanged(TextViewer.java:2679)
	at org.eclipse.jface.text.TextViewer$5.run(TextViewer.java:2658)
	at org.eclipse.swt.widgets.Display.runTimers(Display.java:3570)
	at org.eclipse.swt.widgets.Display.readAndDispatch(Display.java:3045)
	at org.eclipse.ui.internal.Workbench.runEventLoop(Workbench.java:2405)
	at org.eclipse.ui.internal.Workbench.runUI(Workbench.java:2369)
	at org.eclipse.ui.internal.Workbench.access$4(Workbench.java:2221)
	at org.eclipse.ui.internal.Workbench$5.run(Workbench.java:500)
	at org.eclipse.core.databinding.observable.Realm.runWithDefault(Realm.java:332)
	at org.eclipse.ui.internal.Workbench.createAndRunWorkbench(Workbench.java:493)
	at org.eclipse.ui.PlatformUI.createAndRunWorkbench(PlatformUI.java:149)
	at org.eclipse.ui.internal.ide.application.IDEApplication.start(IDEApplication.java:113)
	at org.eclipse.equinox.internal.app.EclipseAppHandle.run(EclipseAppHandle.java:194)
	at org.eclipse.core.runtime.internal.adaptor.EclipseAppLauncher.runApplication(EclipseAppLauncher.java:110)
	at org.eclipse.core.runtime.internal.adaptor.EclipseAppLauncher.start(EclipseAppLauncher.java:79)
	at org.eclipse.core.runtime.adaptor.EclipseStarter.run(EclipseStarter.java:368)
	at org.eclipse.core.runtime.adaptor.EclipseStarter.run(EclipseStarter.java:179)
	at sun.reflect.NativeMethodAccessorImpl.invoke0(Native Method)
	at sun.reflect.NativeMethodAccessorImpl.invoke(NativeMethodAccessorImpl.java:39)
	at sun.reflect.DelegatingMethodAccessorImpl.invoke(DelegatingMethodAccessorImpl.java:25)
	at java.lang.reflect.Method.invoke(Method.java:597)
	at org.eclipse.equinox.launcher.Main.invokeFramework(Main.java:559)
	at org.eclipse.equinox.launcher.Main.basicRun(Main.java:514)
	at org.eclipse.equinox.launcher.Main.run(Main.java:1311)
Caused by: NoViableAltException(36@[463:1: memberDecl[IContainer c, Modifiers o] : ( memberDeclaration[c, o] | n= identifier m= methodDeclaratorRest[c, null, o, n] | innerTypeDecl[c, o] );])
	at org.antlr.runtime.DFA.noViableAlt(DFA.java:158)
	at org.antlr.runtime.DFA.predict(DFA.java:116)
	at apex.parser.gen.ApexParser.memberDecl(ApexParser.java:2379)
	at apex.parser.gen.ApexParser.classBodyDeclaration(ApexParser.java:1178)
	at apex.parser.gen.ApexParser.classDeclaration(ApexParser.java:561)
	at apex.parser.gen.ApexParser.typeDeclaration(ApexParser.java:397)
	at apex.parser.ApexParser.parseClass(ApexParser.java:79)
	... 32 more
 WARN [2014-10-02 06:43:25,544] (ApexCodeEditor.java:getStatementNear:789) - An error occured while parsing the AST, the last cached version of the AST is being used
apex.parser.ApexParseException: unexpected token: 'global'
	at apex.parser.ApexParser.parseClass(ApexParser.java:85)
	at com.salesforce.ide.ui.editors.apex.ast.IdeApexClzParser.parseClass(IdeApexClzParser.java:58)
	at com.salesforce.ide.ui.editors.apex.ast.IdeApexClzParser.parse(IdeApexClzParser.java:35)
	at com.salesforce.ide.ui.editors.apex.ApexCodeEditor.getStatementNear(ApexCodeEditor.java:786)
	at com.salesforce.ide.ui.editors.apex.ApexCodeEditor.getSourceElementAt(ApexCodeEditor.java:745)
	at com.salesforce.ide.ui.editors.apex.ApexCodeEditor.computeHighlightRangeSourceReference(ApexCodeEditor.java:741)
	at com.salesforce.ide.ui.editors.apex.ApexCodeEditor.selectionChanged(ApexCodeEditor.java:605)
	at com.salesforce.ide.ui.editors.apex.ApexCodeEditor$EditorSelectionChangedListener.selectionChanged(ApexCodeEditor.java:598)
	at org.eclipse.jface.text.TextViewer.firePostSelectionChanged(TextViewer.java:2731)
	at org.eclipse.jface.text.TextViewer.firePostSelectionChanged(TextViewer.java:2679)
	at org.eclipse.jface.text.TextViewer$5.run(TextViewer.java:2658)
	at org.eclipse.swt.widgets.Display.runTimers(Display.java:3570)
	at org.eclipse.swt.widgets.Display.readAndDispatch(Display.java:3045)
	at org.eclipse.ui.internal.Workbench.runEventLoop(Workbench.java:2405)
	at org.eclipse.ui.internal.Workbench.runUI(Workbench.java:2369)
	at org.eclipse.ui.internal.Workbench.access$4(Workbench.java:2221)
	at org.eclipse.ui.internal.Workbench$5.run(Workbench.java:500)
	at org.eclipse.core.databinding.observable.Realm.runWithDefault(Realm.java:332)
	at org.eclipse.ui.internal.Workbench.createAndRunWorkbench(Workbench.java:493)
	at org.eclipse.ui.PlatformUI.createAndRunWorkbench(PlatformUI.java:149)
	at org.eclipse.ui.internal.ide.application.IDEApplication.start(IDEApplication.java:113)
	at org.eclipse.equinox.internal.app.EclipseAppHandle.run(EclipseAppHandle.java:194)
	at org.eclipse.core.runtime.internal.adaptor.EclipseAppLauncher.runApplication(EclipseAppLauncher.java:110)
	at org.eclipse.core.runtime.internal.adaptor.EclipseAppLauncher.start(EclipseAppLauncher.java:79)
	at org.eclipse.core.runtime.adaptor.EclipseStarter.run(EclipseStarter.java:368)
	at org.eclipse.core.runtime.adaptor.EclipseStarter.run(EclipseStarter.java:179)
	at sun.reflect.NativeMethodAccessorImpl.invoke0(Native Method)
	at sun.reflect.NativeMethodAccessorImpl.invoke(NativeMethodAccessorImpl.java:39)
	at sun.reflect.DelegatingMethodAccessorImpl.invoke(DelegatingMethodAccessorImpl.java:25)
	at java.lang.reflect.Method.invoke(Method.java:597)
	at org.eclipse.equinox.launcher.Main.invokeFramework(Main.java:559)
	at org.eclipse.equinox.launcher.Main.basicRun(Main.java:514)
	at org.eclipse.equinox.launcher.Main.run(Main.java:1311)
Caused by: NoViableAltException(36@[463:1: memberDecl[IContainer c, Modifiers o] : ( memberDeclaration[c, o] | n= identifier m= methodDeclaratorRest[c, null, o, n] | innerTypeDecl[c, o] );])
	at org.antlr.runtime.DFA.noViableAlt(DFA.java:158)
	at org.antlr.runtime.DFA.predict(DFA.java:116)
	at apex.parser.gen.ApexParser.memberDecl(ApexParser.java:2379)
	at apex.parser.gen.ApexParser.classBodyDeclaration(ApexParser.java:1178)
	at apex.parser.gen.ApexParser.classDeclaration(ApexParser.java:561)
	at apex.parser.gen.ApexParser.typeDeclaration(ApexParser.java:397)
	at apex.parser.ApexParser.parseClass(ApexParser.java:79)
	... 32 more
 WARN [2014-10-02 06:43:25,742] (ApexCodeEditor.java:getStatementNear:789) - An error occured while parsing the AST, the last cached version of the AST is being used
apex.parser.ApexParseException: unexpected token: 'global'
	at apex.parser.ApexParser.parseClass(ApexParser.java:85)
	at com.salesforce.ide.ui.editors.apex.ast.IdeApexClzParser.parseClass(IdeApexClzParser.java:58)
	at com.salesforce.ide.ui.editors.apex.ast.IdeApexClzParser.parse(IdeApexClzParser.java:35)
	at com.salesforce.ide.ui.editors.apex.ApexCodeEditor.getStatementNear(ApexCodeEditor.java:786)
	at com.salesforce.ide.ui.editors.apex.ApexCodeEditor.getSourceElementAt(ApexCodeEditor.java:745)
	at com.salesforce.ide.ui.editors.apex.ApexCodeEditor.computeHighlightRangeSourceReference(ApexCodeEditor.java:741)
	at com.salesforce.ide.ui.editors.apex.ApexCodeEditor.selectionChanged(ApexCodeEditor.java:605)
	at com.salesforce.ide.ui.editors.apex.AstEditor$1.run(AstEditor.java:45)
	at org.eclipse.swt.widgets.RunnableLock.run(RunnableLock.java:35)
	at org.eclipse.swt.widgets.Synchronizer.runAsyncMessages(Synchronizer.java:134)
	at org.eclipse.swt.widgets.Display.runAsyncMessages(Display.java:3342)
	at org.eclipse.swt.widgets.Display.readAndDispatch(Display.java:3071)
	at org.eclipse.ui.internal.Workbench.runEventLoop(Workbench.java:2405)
	at org.eclipse.ui.internal.Workbench.runUI(Workbench.java:2369)
	at org.eclipse.ui.internal.Workbench.access$4(Workbench.java:2221)
	at org.eclipse.ui.internal.Workbench$5.run(Workbench.java:500)
	at org.eclipse.core.databinding.observable.Realm.runWithDefault(Realm.java:332)
	at org.eclipse.ui.internal.Workbench.createAndRunWorkbench(Workbench.java:493)
	at org.eclipse.ui.PlatformUI.createAndRunWorkbench(PlatformUI.java:149)
	at org.eclipse.ui.internal.ide.application.IDEApplication.start(IDEApplication.java:113)
	at org.eclipse.equinox.internal.app.EclipseAppHandle.run(EclipseAppHandle.java:194)
	at org.eclipse.core.runtime.internal.adaptor.EclipseAppLauncher.runApplication(EclipseAppLauncher.java:110)
	at org.eclipse.core.runtime.internal.adaptor.EclipseAppLauncher.start(EclipseAppLauncher.java:79)
	at org.eclipse.core.runtime.adaptor.EclipseStarter.run(EclipseStarter.java:368)
	at org.eclipse.core.runtime.adaptor.EclipseStarter.run(EclipseStarter.java:179)
	at sun.reflect.NativeMethodAccessorImpl.invoke0(Native Method)
	at sun.reflect.NativeMethodAccessorImpl.invoke(NativeMethodAccessorImpl.java:39)
	at sun.reflect.DelegatingMethodAccessorImpl.invoke(DelegatingMethodAccessorImpl.java:25)
	at java.lang.reflect.Method.invoke(Method.java:597)
	at org.eclipse.equinox.launcher.Main.invokeFramework(Main.java:559)
	at org.eclipse.equinox.launcher.Main.basicRun(Main.java:514)
	at org.eclipse.equinox.launcher.Main.run(Main.java:1311)
Caused by: NoViableAltException(36@[463:1: memberDecl[IContainer c, Modifiers o] : ( memberDeclaration[c, o] | n= identifier m= methodDeclaratorRest[c, null, o, n] | innerTypeDecl[c, o] );])
	at org.antlr.runtime.DFA.noViableAlt(DFA.java:158)
	at org.antlr.runtime.DFA.predict(DFA.java:116)
	at apex.parser.gen.ApexParser.memberDecl(ApexParser.java:2379)
	at apex.parser.gen.ApexParser.classBodyDeclaration(ApexParser.java:1178)
	at apex.parser.gen.ApexParser.classDeclaration(ApexParser.java:561)
	at apex.parser.gen.ApexParser.typeDeclaration(ApexParser.java:397)
	at apex.parser.ApexParser.parseClass(ApexParser.java:79)
	... 31 more
 WARN [2014-10-02 06:43:48,922] (ProjectService.java:handleDeployResult:1909) - Save failed!
 WARN [2014-10-02 06:43:48,939] (ProjectService.java:handleRetrieveResult:2085) - Nothing to save to project - retrieve result is empty
 WARN [2014-10-02 07:05:00,703] (ApexReconcilingStrategy.java:handleException:155) - Error occured during reconcile
java.lang.IllegalArgumentException: 14: line breaks not allowed in string literals
	at com.salesforce.ide.ui.editors.apex.outline.AstUtils.removeComments(AstUtils.java:671)
	at com.salesforce.ide.ui.editors.apex.ast.IdeApexParserFactory.newParser(IdeApexParserFactory.java:45)
	at com.salesforce.ide.ui.editors.apex.ApexReconcilingStrategy$1.run(ApexReconcilingStrategy.java:89)
	at org.eclipse.core.runtime.SafeRunner.run(SafeRunner.java:42)
	at com.salesforce.ide.ui.editors.apex.ApexReconcilingStrategy.reconcile(ApexReconcilingStrategy.java:59)
	at com.salesforce.ide.ui.editors.apex.ApexReconcilingStrategy.reconcile(ApexReconcilingStrategy.java:240)
	at org.eclipse.jface.text.reconciler.MonoReconciler.process(MonoReconciler.java:77)
	at com.salesforce.ide.ui.editors.apex.ApexReconciler.process(ApexReconciler.java:288)
	at org.eclipse.jface.text.reconciler.AbstractReconciler$BackgroundThread.run(AbstractReconciler.java:206)
 WARN [2014-10-02 07:05:00,715] (ApexCodeEditor.java:getStatementNear:789) - An error occured while parsing the AST, the last cached version of the AST is being used
java.lang.IllegalArgumentException: 14: line breaks not allowed in string literals
	at com.salesforce.ide.ui.editors.apex.outline.AstUtils.removeComments(AstUtils.java:671)
	at com.salesforce.ide.ui.editors.apex.ast.IdeApexParserFactory.newParser(IdeApexParserFactory.java:45)
	at com.salesforce.ide.ui.editors.apex.ApexCodeEditor.getStatementNear(ApexCodeEditor.java:784)
	at com.salesforce.ide.ui.editors.apex.ApexCodeEditor.getSourceElementAt(ApexCodeEditor.java:745)
	at com.salesforce.ide.ui.editors.apex.ApexCodeEditor.computeHighlightRangeSourceReference(ApexCodeEditor.java:741)
	at com.salesforce.ide.ui.editors.apex.ApexCodeEditor.selectionChanged(ApexCodeEditor.java:605)
	at com.salesforce.ide.ui.editors.apex.AstEditor$1.run(AstEditor.java:45)
	at org.eclipse.swt.widgets.RunnableLock.run(RunnableLock.java:35)
	at org.eclipse.swt.widgets.Synchronizer.runAsyncMessages(Synchronizer.java:134)
	at org.eclipse.swt.widgets.Display.runAsyncMessages(Display.java:3342)
	at org.eclipse.swt.widgets.Display.readAndDispatch(Display.java:3071)
	at org.eclipse.ui.internal.Workbench.runEventLoop(Workbench.java:2405)
	at org.eclipse.ui.internal.Workbench.runUI(Workbench.java:2369)
	at org.eclipse.ui.internal.Workbench.access$4(Workbench.java:2221)
	at org.eclipse.ui.internal.Workbench$5.run(Workbench.java:500)
	at org.eclipse.core.databinding.observable.Realm.runWithDefault(Realm.java:332)
	at org.eclipse.ui.internal.Workbench.createAndRunWorkbench(Workbench.java:493)
	at org.eclipse.ui.PlatformUI.createAndRunWorkbench(PlatformUI.java:149)
	at org.eclipse.ui.internal.ide.application.IDEApplication.start(IDEApplication.java:113)
	at org.eclipse.equinox.internal.app.EclipseAppHandle.run(EclipseAppHandle.java:194)
	at org.eclipse.core.runtime.internal.adaptor.EclipseAppLauncher.runApplication(EclipseAppLauncher.java:110)
	at org.eclipse.core.runtime.internal.adaptor.EclipseAppLauncher.start(EclipseAppLauncher.java:79)
	at org.eclipse.core.runtime.adaptor.EclipseStarter.run(EclipseStarter.java:368)
	at org.eclipse.core.runtime.adaptor.EclipseStarter.run(EclipseStarter.java:179)
	at sun.reflect.NativeMethodAccessorImpl.invoke0(Native Method)
	at sun.reflect.NativeMethodAccessorImpl.invoke(NativeMethodAccessorImpl.java:39)
	at sun.reflect.DelegatingMethodAccessorImpl.invoke(DelegatingMethodAccessorImpl.java:25)
	at java.lang.reflect.Method.invoke(Method.java:597)
	at org.eclipse.equinox.launcher.Main.invokeFramework(Main.java:559)
	at org.eclipse.equinox.launcher.Main.basicRun(Main.java:514)
	at org.eclipse.equinox.launcher.Main.run(Main.java:1311)
 WARN [2014-10-02 07:05:01,717] (ApexCodeEditor.java:getStatementNear:789) - An error occured while parsing the AST, the last cached version of the AST is being used
java.lang.IllegalArgumentException: 14: line breaks not allowed in string literals
	at com.salesforce.ide.ui.editors.apex.outline.AstUtils.removeComments(AstUtils.java:671)
	at com.salesforce.ide.ui.editors.apex.ast.IdeApexParserFactory.newParser(IdeApexParserFactory.java:45)
	at com.salesforce.ide.ui.editors.apex.ApexCodeEditor.getStatementNear(ApexCodeEditor.java:784)
	at com.salesforce.ide.ui.editors.apex.ApexCodeEditor.getSourceElementAt(ApexCodeEditor.java:745)
	at com.salesforce.ide.ui.editors.apex.ApexCodeEditor.computeHighlightRangeSourceReference(ApexCodeEditor.java:741)
	at com.salesforce.ide.ui.editors.apex.ApexCodeEditor.selectionChanged(ApexCodeEditor.java:605)
	at com.salesforce.ide.ui.editors.apex.AstEditor$1.run(AstEditor.java:45)
	at org.eclipse.swt.widgets.RunnableLock.run(RunnableLock.java:35)
	at org.eclipse.swt.widgets.Synchronizer.runAsyncMessages(Synchronizer.java:134)
	at org.eclipse.swt.widgets.Display.runAsyncMessages(Display.java:3342)
	at org.eclipse.swt.widgets.Display.readAndDispatch(Display.java:3071)
	at org.eclipse.ui.internal.Workbench.runEventLoop(Workbench.java:2405)
	at org.eclipse.ui.internal.Workbench.runUI(Workbench.java:2369)
	at org.eclipse.ui.internal.Workbench.access$4(Workbench.java:2221)
	at org.eclipse.ui.internal.Workbench$5.run(Workbench.java:500)
	at org.eclipse.core.databinding.observable.Realm.runWithDefault(Realm.java:332)
	at org.eclipse.ui.internal.Workbench.createAndRunWorkbench(Workbench.java:493)
	at org.eclipse.ui.PlatformUI.createAndRunWorkbench(PlatformUI.java:149)
	at org.eclipse.ui.internal.ide.application.IDEApplication.start(IDEApplication.java:113)
	at org.eclipse.equinox.internal.app.EclipseAppHandle.run(EclipseAppHandle.java:194)
	at org.eclipse.core.runtime.internal.adaptor.EclipseAppLauncher.runApplication(EclipseAppLauncher.java:110)
	at org.eclipse.core.runtime.internal.adaptor.EclipseAppLauncher.start(EclipseAppLauncher.java:79)
	at org.eclipse.core.runtime.adaptor.EclipseStarter.run(EclipseStarter.java:368)
	at org.eclipse.core.runtime.adaptor.EclipseStarter.run(EclipseStarter.java:179)
	at sun.reflect.NativeMethodAccessorImpl.invoke0(Native Method)
	at sun.reflect.NativeMethodAccessorImpl.invoke(NativeMethodAccessorImpl.java:39)
	at sun.reflect.DelegatingMethodAccessorImpl.invoke(DelegatingMethodAccessorImpl.java:25)
	at java.lang.reflect.Method.invoke(Method.java:597)
	at org.eclipse.equinox.launcher.Main.invokeFramework(Main.java:559)
	at org.eclipse.equinox.launcher.Main.basicRun(Main.java:514)
	at org.eclipse.equinox.launcher.Main.run(Main.java:1311)
 WARN [2014-10-02 07:05:16,725] (ResolveInstVarProposal.java:construct:100) - Core exception happened on Apex class 'void' in project 'development'
org.eclipse.core.runtime.CoreException: Unable to locate class 'void' in project 'development'
	at com.salesforce.ide.ui.editors.apex.ast.IdeApexParserFactory.lookupApexClzOrTrigger(IdeApexParserFactory.java:77)
	at com.salesforce.ide.ui.editors.apex.ast.IdeApexParserFactory.newParser(IdeApexParserFactory.java:34)
	at com.salesforce.ide.ui.editors.apex.assistance.proposals.ResolveInstVarProposal.construct(ResolveInstVarProposal.java:88)
	at com.salesforce.ide.ui.editors.apex.assistance.proposals.ProposalAggregator.construct(ProposalAggregator.java:171)
	at com.salesforce.ide.ui.editors.apex.assistance.proposals.ApexCompletionProposalDelegate.construct(ApexCompletionProposalDelegate.java:88)
	at com.salesforce.ide.ui.editors.apex.assistance.ApexCompletionProcessor.computeCompletionProposals(ApexCompletionProcessor.java:93)
	at org.eclipse.jface.text.contentassist.ContentAssistant.computeCompletionProposals(ContentAssistant.java:1832)
	at org.eclipse.jface.text.contentassist.CompletionProposalPopup.computeProposals(CompletionProposalPopup.java:556)
	at org.eclipse.jface.text.contentassist.CompletionProposalPopup.computeFilteredProposals(CompletionProposalPopup.java:1432)
	at org.eclipse.jface.text.contentassist.CompletionProposalPopup.access$4(CompletionProposalPopup.java:1421)
	at org.eclipse.jface.text.contentassist.CompletionProposalPopup$1.run(CompletionProposalPopup.java:372)
	at org.eclipse.swt.widgets.RunnableLock.run(RunnableLock.java:35)
	at org.eclipse.swt.widgets.Synchronizer.runAsyncMessages(Synchronizer.java:134)
	at org.eclipse.swt.widgets.Display.runAsyncMessages(Display.java:3342)
	at org.eclipse.swt.widgets.Display.readAndDispatch(Display.java:3071)
	at org.eclipse.ui.internal.Workbench.runEventLoop(Workbench.java:2405)
	at org.eclipse.ui.internal.Workbench.runUI(Workbench.java:2369)
	at org.eclipse.ui.internal.Workbench.access$4(Workbench.java:2221)
	at org.eclipse.ui.internal.Workbench$5.run(Workbench.java:500)
	at org.eclipse.core.databinding.observable.Realm.runWithDefault(Realm.java:332)
	at org.eclipse.ui.internal.Workbench.createAndRunWorkbench(Workbench.java:493)
	at org.eclipse.ui.PlatformUI.createAndRunWorkbench(PlatformUI.java:149)
	at org.eclipse.ui.internal.ide.application.IDEApplication.start(IDEApplication.java:113)
	at org.eclipse.equinox.internal.app.EclipseAppHandle.run(EclipseAppHandle.java:194)
	at org.eclipse.core.runtime.internal.adaptor.EclipseAppLauncher.runApplication(EclipseAppLauncher.java:110)
	at org.eclipse.core.runtime.internal.adaptor.EclipseAppLauncher.start(EclipseAppLauncher.java:79)
	at org.eclipse.core.runtime.adaptor.EclipseStarter.run(EclipseStarter.java:368)
	at org.eclipse.core.runtime.adaptor.EclipseStarter.run(EclipseStarter.java:179)
	at sun.reflect.NativeMethodAccessorImpl.invoke0(Native Method)
	at sun.reflect.NativeMethodAccessorImpl.invoke(NativeMethodAccessorImpl.java:39)
	at sun.reflect.DelegatingMethodAccessorImpl.invoke(DelegatingMethodAccessorImpl.java:25)
	at java.lang.reflect.Method.invoke(Method.java:597)
	at org.eclipse.equinox.launcher.Main.invokeFramework(Main.java:559)
	at org.eclipse.equinox.launcher.Main.basicRun(Main.java:514)
	at org.eclipse.equinox.launcher.Main.run(Main.java:1311)
 WARN [2014-10-02 07:12:40,663] (ProjectService.java:handleDeployResult:1909) - Save failed!
 WARN [2014-10-02 07:12:40,680] (ProjectService.java:handleRetrieveResult:2085) - Nothing to save to project - retrieve result is empty
 WARN [2014-10-02 07:31:36,729] (ResolveInstVarProposal.java:construct:100) - Core exception happened on Apex class 'list' in project 'development'
org.eclipse.core.runtime.CoreException: Unable to locate class 'list' in project 'development'
	at com.salesforce.ide.ui.editors.apex.ast.IdeApexParserFactory.lookupApexClzOrTrigger(IdeApexParserFactory.java:77)
	at com.salesforce.ide.ui.editors.apex.ast.IdeApexParserFactory.newParser(IdeApexParserFactory.java:34)
	at com.salesforce.ide.ui.editors.apex.assistance.proposals.ResolveInstVarProposal.construct(ResolveInstVarProposal.java:88)
	at com.salesforce.ide.ui.editors.apex.assistance.proposals.ProposalAggregator.construct(ProposalAggregator.java:171)
	at com.salesforce.ide.ui.editors.apex.assistance.proposals.ApexCompletionProposalDelegate.construct(ApexCompletionProposalDelegate.java:88)
	at com.salesforce.ide.ui.editors.apex.assistance.ApexCompletionProcessor.computeCompletionProposals(ApexCompletionProcessor.java:93)
	at org.eclipse.jface.text.contentassist.ContentAssistant.computeCompletionProposals(ContentAssistant.java:1832)
	at org.eclipse.jface.text.contentassist.CompletionProposalPopup.computeProposals(CompletionProposalPopup.java:556)
	at org.eclipse.jface.text.contentassist.CompletionProposalPopup.access$16(CompletionProposalPopup.java:553)
	at org.eclipse.jface.text.contentassist.CompletionProposalPopup$2.run(CompletionProposalPopup.java:488)
	at org.eclipse.swt.custom.BusyIndicator.showWhile(BusyIndicator.java:70)
	at org.eclipse.jface.text.contentassist.CompletionProposalPopup.showProposals(CompletionProposalPopup.java:482)
	at org.eclipse.jface.text.contentassist.ContentAssistant$2.run(ContentAssistant.java:376)
	at org.eclipse.swt.widgets.RunnableLock.run(RunnableLock.java:35)
	at org.eclipse.swt.widgets.Synchronizer.runAsyncMessages(Synchronizer.java:134)
	at org.eclipse.swt.widgets.Display.runAsyncMessages(Display.java:3342)
	at org.eclipse.swt.widgets.Display.readAndDispatch(Display.java:3071)
	at org.eclipse.ui.internal.Workbench.runEventLoop(Workbench.java:2405)
	at org.eclipse.ui.internal.Workbench.runUI(Workbench.java:2369)
	at org.eclipse.ui.internal.Workbench.access$4(Workbench.java:2221)
	at org.eclipse.ui.internal.Workbench$5.run(Workbench.java:500)
	at org.eclipse.core.databinding.observable.Realm.runWithDefault(Realm.java:332)
	at org.eclipse.ui.internal.Workbench.createAndRunWorkbench(Workbench.java:493)
	at org.eclipse.ui.PlatformUI.createAndRunWorkbench(PlatformUI.java:149)
	at org.eclipse.ui.internal.ide.application.IDEApplication.start(IDEApplication.java:113)
	at org.eclipse.equinox.internal.app.EclipseAppHandle.run(EclipseAppHandle.java:194)
	at org.eclipse.core.runtime.internal.adaptor.EclipseAppLauncher.runApplication(EclipseAppLauncher.java:110)
	at org.eclipse.core.runtime.internal.adaptor.EclipseAppLauncher.start(EclipseAppLauncher.java:79)
	at org.eclipse.core.runtime.adaptor.EclipseStarter.run(EclipseStarter.java:368)
	at org.eclipse.core.runtime.adaptor.EclipseStarter.run(EclipseStarter.java:179)
	at sun.reflect.NativeMethodAccessorImpl.invoke0(Native Method)
	at sun.reflect.NativeMethodAccessorImpl.invoke(NativeMethodAccessorImpl.java:39)
	at sun.reflect.DelegatingMethodAccessorImpl.invoke(DelegatingMethodAccessorImpl.java:25)
	at java.lang.reflect.Method.invoke(Method.java:597)
	at org.eclipse.equinox.launcher.Main.invokeFramework(Main.java:559)
	at org.eclipse.equinox.launcher.Main.basicRun(Main.java:514)
	at org.eclipse.equinox.launcher.Main.run(Main.java:1311)
 WARN [2014-10-02 07:31:36,750] (ResolveChainedReturnTypeProposal.java:staticMethodReturnType:279) - Core exception happened on Apex class 'ACCSETCONTROLLER' in project 'development'
org.eclipse.core.runtime.CoreException: Unable to locate class 'ACCSETCONTROLLER' in project 'development'
	at com.salesforce.ide.ui.editors.apex.ast.IdeApexParserFactory.lookupApexClzOrTrigger(IdeApexParserFactory.java:77)
	at com.salesforce.ide.ui.editors.apex.ast.IdeApexParserFactory.newParser(IdeApexParserFactory.java:34)
	at com.salesforce.ide.ui.editors.apex.assistance.proposals.ResolveChainedReturnTypeProposal$ResolveStaticMethodReturnType.staticMethodReturnType(ResolveChainedReturnTypeProposal.java:246)
	at com.salesforce.ide.ui.editors.apex.assistance.proposals.ResolveChainedReturnTypeProposal$ResolveStaticMethodReturnType.resolveChainedReturnType(ResolveChainedReturnTypeProposal.java:207)
	at com.salesforce.ide.ui.editors.apex.assistance.proposals.ResolveChainedReturnTypeProposal.resolveVarType(ResolveChainedReturnTypeProposal.java:59)
	at com.salesforce.ide.ui.editors.apex.assistance.proposals.ResolveInstVarProposal.construct(ResolveInstVarProposal.java:38)
	at com.salesforce.ide.ui.editors.apex.assistance.proposals.ProposalAggregator.construct(ProposalAggregator.java:171)
	at com.salesforce.ide.ui.editors.apex.assistance.proposals.ApexCompletionProposalDelegate.construct(ApexCompletionProposalDelegate.java:88)
	at com.salesforce.ide.ui.editors.apex.assistance.ApexCompletionProcessor.computeCompletionProposals(ApexCompletionProcessor.java:93)
	at org.eclipse.jface.text.contentassist.ContentAssistant.computeCompletionProposals(ContentAssistant.java:1832)
	at org.eclipse.jface.text.contentassist.CompletionProposalPopup.computeProposals(CompletionProposalPopup.java:556)
	at org.eclipse.jface.text.contentassist.CompletionProposalPopup.access$16(CompletionProposalPopup.java:553)
	at org.eclipse.jface.text.contentassist.CompletionProposalPopup$2.run(CompletionProposalPopup.java:488)
	at org.eclipse.swt.custom.BusyIndicator.showWhile(BusyIndicator.java:70)
	at org.eclipse.jface.text.contentassist.CompletionProposalPopup.showProposals(CompletionProposalPopup.java:482)
	at org.eclipse.jface.text.contentassist.ContentAssistant$2.run(ContentAssistant.java:376)
	at org.eclipse.swt.widgets.RunnableLock.run(RunnableLock.java:35)
	at org.eclipse.swt.widgets.Synchronizer.runAsyncMessages(Synchronizer.java:134)
	at org.eclipse.swt.widgets.Display.runAsyncMessages(Display.java:3342)
	at org.eclipse.swt.widgets.Display.readAndDispatch(Display.java:3071)
	at org.eclipse.ui.internal.Workbench.runEventLoop(Workbench.java:2405)
	at org.eclipse.ui.internal.Workbench.runUI(Workbench.java:2369)
	at org.eclipse.ui.internal.Workbench.access$4(Workbench.java:2221)
	at org.eclipse.ui.internal.Workbench$5.run(Workbench.java:500)
	at org.eclipse.core.databinding.observable.Realm.runWithDefault(Realm.java:332)
	at org.eclipse.ui.internal.Workbench.createAndRunWorkbench(Workbench.java:493)
	at org.eclipse.ui.PlatformUI.createAndRunWorkbench(PlatformUI.java:149)
	at org.eclipse.ui.internal.ide.application.IDEApplication.start(IDEApplication.java:113)
	at org.eclipse.equinox.internal.app.EclipseAppHandle.run(EclipseAppHandle.java:194)
	at org.eclipse.core.runtime.internal.adaptor.EclipseAppLauncher.runApplication(EclipseAppLauncher.java:110)
	at org.eclipse.core.runtime.internal.adaptor.EclipseAppLauncher.start(EclipseAppLauncher.java:79)
	at org.eclipse.core.runtime.adaptor.EclipseStarter.run(EclipseStarter.java:368)
	at org.eclipse.core.runtime.adaptor.EclipseStarter.run(EclipseStarter.java:179)
	at sun.reflect.NativeMethodAccessorImpl.invoke0(Native Method)
	at sun.reflect.NativeMethodAccessorImpl.invoke(NativeMethodAccessorImpl.java:39)
	at sun.reflect.DelegatingMethodAccessorImpl.invoke(DelegatingMethodAccessorImpl.java:25)
	at java.lang.reflect.Method.invoke(Method.java:597)
	at org.eclipse.equinox.launcher.Main.invokeFramework(Main.java:559)
	at org.eclipse.equinox.launcher.Main.basicRun(Main.java:514)
	at org.eclipse.equinox.launcher.Main.run(Main.java:1311)
 WARN [2014-10-02 07:31:39,599] (ResolveInstVarProposal.java:construct:100) - Core exception happened on Apex class 'list' in project 'development'
org.eclipse.core.runtime.CoreException: Unable to locate class 'list' in project 'development'
	at com.salesforce.ide.ui.editors.apex.ast.IdeApexParserFactory.lookupApexClzOrTrigger(IdeApexParserFactory.java:77)
	at com.salesforce.ide.ui.editors.apex.ast.IdeApexParserFactory.newParser(IdeApexParserFactory.java:34)
	at com.salesforce.ide.ui.editors.apex.assistance.proposals.ResolveInstVarProposal.construct(ResolveInstVarProposal.java:88)
	at com.salesforce.ide.ui.editors.apex.assistance.proposals.ProposalAggregator.construct(ProposalAggregator.java:171)
	at com.salesforce.ide.ui.editors.apex.assistance.proposals.ApexCompletionProposalDelegate.construct(ApexCompletionProposalDelegate.java:88)
	at com.salesforce.ide.ui.editors.apex.assistance.ApexCompletionProcessor.computeCompletionProposals(ApexCompletionProcessor.java:93)
	at org.eclipse.jface.text.contentassist.ContentAssistant.computeCompletionProposals(ContentAssistant.java:1832)
	at org.eclipse.jface.text.contentassist.CompletionProposalPopup.computeProposals(CompletionProposalPopup.java:556)
	at org.eclipse.jface.text.contentassist.CompletionProposalPopup.access$16(CompletionProposalPopup.java:553)
	at org.eclipse.jface.text.contentassist.CompletionProposalPopup$2.run(CompletionProposalPopup.java:488)
	at org.eclipse.swt.custom.BusyIndicator.showWhile(BusyIndicator.java:70)
	at org.eclipse.jface.text.contentassist.CompletionProposalPopup.showProposals(CompletionProposalPopup.java:482)
	at org.eclipse.jface.text.contentassist.ContentAssistant$2.run(ContentAssistant.java:376)
	at org.eclipse.swt.widgets.RunnableLock.run(RunnableLock.java:35)
	at org.eclipse.swt.widgets.Synchronizer.runAsyncMessages(Synchronizer.java:134)
	at org.eclipse.swt.widgets.Display.runAsyncMessages(Display.java:3342)
	at org.eclipse.swt.widgets.Display.readAndDispatch(Display.java:3071)
	at org.eclipse.ui.internal.Workbench.runEventLoop(Workbench.java:2405)
	at org.eclipse.ui.internal.Workbench.runUI(Workbench.java:2369)
	at org.eclipse.ui.internal.Workbench.access$4(Workbench.java:2221)
	at org.eclipse.ui.internal.Workbench$5.run(Workbench.java:500)
	at org.eclipse.core.databinding.observable.Realm.runWithDefault(Realm.java:332)
	at org.eclipse.ui.internal.Workbench.createAndRunWorkbench(Workbench.java:493)
	at org.eclipse.ui.PlatformUI.createAndRunWorkbench(PlatformUI.java:149)
	at org.eclipse.ui.internal.ide.application.IDEApplication.start(IDEApplication.java:113)
	at org.eclipse.equinox.internal.app.EclipseAppHandle.run(EclipseAppHandle.java:194)
	at org.eclipse.core.runtime.internal.adaptor.EclipseAppLauncher.runApplication(EclipseAppLauncher.java:110)
	at org.eclipse.core.runtime.internal.adaptor.EclipseAppLauncher.start(EclipseAppLauncher.java:79)
	at org.eclipse.core.runtime.adaptor.EclipseStarter.run(EclipseStarter.java:368)
	at org.eclipse.core.runtime.adaptor.EclipseStarter.run(EclipseStarter.java:179)
	at sun.reflect.NativeMethodAccessorImpl.invoke0(Native Method)
	at sun.reflect.NativeMethodAccessorImpl.invoke(NativeMethodAccessorImpl.java:39)
	at sun.reflect.DelegatingMethodAccessorImpl.invoke(DelegatingMethodAccessorImpl.java:25)
	at java.lang.reflect.Method.invoke(Method.java:597)
	at org.eclipse.equinox.launcher.Main.invokeFramework(Main.java:559)
	at org.eclipse.equinox.launcher.Main.basicRun(Main.java:514)
	at org.eclipse.equinox.launcher.Main.run(Main.java:1311)
 WARN [2014-10-02 07:31:39,605] (ResolveChainedReturnTypeProposal.java:staticMethodReturnType:279) - Core exception happened on Apex class 'ACCSETCONTROLLER' in project 'development'
org.eclipse.core.runtime.CoreException: Unable to locate class 'ACCSETCONTROLLER' in project 'development'
	at com.salesforce.ide.ui.editors.apex.ast.IdeApexParserFactory.lookupApexClzOrTrigger(IdeApexParserFactory.java:77)
	at com.salesforce.ide.ui.editors.apex.ast.IdeApexParserFactory.newParser(IdeApexParserFactory.java:34)
	at com.salesforce.ide.ui.editors.apex.assistance.proposals.ResolveChainedReturnTypeProposal$ResolveStaticMethodReturnType.staticMethodReturnType(ResolveChainedReturnTypeProposal.java:246)
	at com.salesforce.ide.ui.editors.apex.assistance.proposals.ResolveChainedReturnTypeProposal$ResolveStaticMethodReturnType.resolveChainedReturnType(ResolveChainedReturnTypeProposal.java:207)
	at com.salesforce.ide.ui.editors.apex.assistance.proposals.ResolveChainedReturnTypeProposal.resolveVarType(ResolveChainedReturnTypeProposal.java:59)
	at com.salesforce.ide.ui.editors.apex.assistance.proposals.ResolveInstVarProposal.construct(ResolveInstVarProposal.java:38)
	at com.salesforce.ide.ui.editors.apex.assistance.proposals.ProposalAggregator.construct(ProposalAggregator.java:171)
	at com.salesforce.ide.ui.editors.apex.assistance.proposals.ApexCompletionProposalDelegate.construct(ApexCompletionProposalDelegate.java:88)
	at com.salesforce.ide.ui.editors.apex.assistance.ApexCompletionProcessor.computeCompletionProposals(ApexCompletionProcessor.java:93)
	at org.eclipse.jface.text.contentassist.ContentAssistant.computeCompletionProposals(ContentAssistant.java:1832)
	at org.eclipse.jface.text.contentassist.CompletionProposalPopup.computeProposals(CompletionProposalPopup.java:556)
	at org.eclipse.jface.text.contentassist.CompletionProposalPopup.access$16(CompletionProposalPopup.java:553)
	at org.eclipse.jface.text.contentassist.CompletionProposalPopup$2.run(CompletionProposalPopup.java:488)
	at org.eclipse.swt.custom.BusyIndicator.showWhile(BusyIndicator.java:70)
	at org.eclipse.jface.text.contentassist.CompletionProposalPopup.showProposals(CompletionProposalPopup.java:482)
	at org.eclipse.jface.text.contentassist.ContentAssistant$2.run(ContentAssistant.java:376)
	at org.eclipse.swt.widgets.RunnableLock.run(RunnableLock.java:35)
	at org.eclipse.swt.widgets.Synchronizer.runAsyncMessages(Synchronizer.java:134)
	at org.eclipse.swt.widgets.Display.runAsyncMessages(Display.java:3342)
	at org.eclipse.swt.widgets.Display.readAndDispatch(Display.java:3071)
	at org.eclipse.ui.internal.Workbench.runEventLoop(Workbench.java:2405)
	at org.eclipse.ui.internal.Workbench.runUI(Workbench.java:2369)
	at org.eclipse.ui.internal.Workbench.access$4(Workbench.java:2221)
	at org.eclipse.ui.internal.Workbench$5.run(Workbench.java:500)
	at org.eclipse.core.databinding.observable.Realm.runWithDefault(Realm.java:332)
	at org.eclipse.ui.internal.Workbench.createAndRunWorkbench(Workbench.java:493)
	at org.eclipse.ui.PlatformUI.createAndRunWorkbench(PlatformUI.java:149)
	at org.eclipse.ui.internal.ide.application.IDEApplication.start(IDEApplication.java:113)
	at org.eclipse.equinox.internal.app.EclipseAppHandle.run(EclipseAppHandle.java:194)
	at org.eclipse.core.runtime.internal.adaptor.EclipseAppLauncher.runApplication(EclipseAppLauncher.java:110)
	at org.eclipse.core.runtime.internal.adaptor.EclipseAppLauncher.start(EclipseAppLauncher.java:79)
	at org.eclipse.core.runtime.adaptor.EclipseStarter.run(EclipseStarter.java:368)
	at org.eclipse.core.runtime.adaptor.EclipseStarter.run(EclipseStarter.java:179)
	at sun.reflect.NativeMethodAccessorImpl.invoke0(Native Method)
	at sun.reflect.NativeMethodAccessorImpl.invoke(NativeMethodAccessorImpl.java:39)
	at sun.reflect.DelegatingMethodAccessorImpl.invoke(DelegatingMethodAccessorImpl.java:25)
	at java.lang.reflect.Method.invoke(Method.java:597)
	at org.eclipse.equinox.launcher.Main.invokeFramework(Main.java:559)
	at org.eclipse.equinox.launcher.Main.basicRun(Main.java:514)
	at org.eclipse.equinox.launcher.Main.run(Main.java:1311)
 WARN [2014-10-02 08:11:24,640] (ProjectService.java:handleDeployResult:1909) - Save failed!
 WARN [2014-10-02 08:11:24,653] (ProjectService.java:handleRetrieveResult:2085) - Nothing to save to project - retrieve result is empty
 WARN [2014-10-02 08:12:47,596] (BaseComponentMultiPageEditorPart.java:setInput:132) - Unable to open Apex Editor for file 'sfafields.cls-meta.xml'
